0 info it worked if it ends with ok
1 verbose cli [ '/usr/local/bin/node', '/usr/local/bin/npm', 'install' ]
2 info using npm@2.15.8
3 info using node@v4.4.7
4 verbose readDependencies loading dependencies from /Users/broto/Development/Node/PoliticandoMe/package.json
5 warn package.json PoliticandoMe@0.0.1 No repository field.
6 warn package.json PoliticandoMe@0.0.1 No README data
7 warn package.json PoliticandoMe@0.0.1 No license field.
8 verbose install where, deps [ '/Users/broto/Development/Node/PoliticandoMe',
8 verbose install   [ 'express', 'request', 'cheerio', 'tabletojson' ] ]
9 verbose install where, peers [ '/Users/broto/Development/Node/PoliticandoMe', [] ]
10 verbose installManyTop reading for lifecycle /Users/broto/Development/Node/PoliticandoMe/package.json
11 info preinstall PoliticandoMe@0.0.1
12 verbose installManyTop reading scoped package data from /Users/broto/Development/Node/PoliticandoMe/node_modules/cheerio/package.json
13 verbose installManyTop reading scoped package data from /Users/broto/Development/Node/PoliticandoMe/node_modules/crawler/package.json
14 verbose installManyTop reading scoped package data from /Users/broto/Development/Node/PoliticandoMe/node_modules/express/package.json
15 verbose installManyTop reading scoped package data from /Users/broto/Development/Node/PoliticandoMe/node_modules/remover-acentos/package.json
16 verbose installManyTop reading scoped package data from /Users/broto/Development/Node/PoliticandoMe/node_modules/request/package.json
17 verbose installManyTop reading scoped package data from /Users/broto/Development/Node/PoliticandoMe/node_modules/tabletojson/package.json
18 info package.json tabletojson@0.4.0 No license field.
19 info package.json crawler@0.4.3 No license field.
20 verbose readDependencies loading dependencies from /Users/broto/Development/Node/PoliticandoMe/package.json
21 verbose targetResolver reading package data from /Users/broto/Development/Node/PoliticandoMe/node_modules/cheerio/package.json
22 verbose targetResolver reading package data from /Users/broto/Development/Node/PoliticandoMe/node_modules/crawler/package.json
23 verbose targetResolver reading package data from /Users/broto/Development/Node/PoliticandoMe/node_modules/express/package.json
24 verbose targetResolver reading package data from /Users/broto/Development/Node/PoliticandoMe/node_modules/remover-acentos/package.json
25 verbose targetResolver reading package data from /Users/broto/Development/Node/PoliticandoMe/node_modules/request/package.json
26 verbose targetResolver reading package data from /Users/broto/Development/Node/PoliticandoMe/node_modules/tabletojson/package.json
27 verbose already installed skipping request@2.75.0 /Users/broto/Development/Node/PoliticandoMe
28 verbose already installed skipping cheerio@0.22.0 /Users/broto/Development/Node/PoliticandoMe
29 silly cache add args [ 'tabletojson@1.4.1', null ]
30 verbose cache add spec tabletojson@1.4.1
31 silly cache add parsed spec Result {
31 silly cache add   raw: 'tabletojson@1.4.1',
31 silly cache add   scope: null,
31 silly cache add   name: 'tabletojson',
31 silly cache add   rawSpec: '1.4.1',
31 silly cache add   spec: '1.4.1',
31 silly cache add   type: 'version' }
32 silly addNamed tabletojson@1.4.1
33 verbose addNamed "1.4.1" is a plain semver version for tabletojson
34 silly mapToRegistry name tabletojson
35 silly mapToRegistry using default registry
36 silly mapToRegistry registry https://registry.npmjs.org/
37 silly mapToRegistry data Result {
37 silly mapToRegistry   raw: 'tabletojson',
37 silly mapToRegistry   scope: null,
37 silly mapToRegistry   name: 'tabletojson',
37 silly mapToRegistry   rawSpec: '',
37 silly mapToRegistry   spec: 'latest',
37 silly mapToRegistry   type: 'tag' }
38 silly mapToRegistry uri https://registry.npmjs.org/tabletojson
39 verbose addNameVersion registry:https://registry.npmjs.org/tabletojson not in flight; fetching
40 verbose already installed skipping express@4.14.0 /Users/broto/Development/Node/PoliticandoMe
41 verbose request uri https://registry.npmjs.org/tabletojson
42 verbose request no auth needed
43 info attempt registry request try #1 at 1:44:05 AM
44 verbose request id f26d674b3b64e181
45 verbose etag "2JSFAHE08ZGQ48R2I5ZABQRLH"
46 http request GET https://registry.npmjs.org/tabletojson
47 http 304 https://registry.npmjs.org/tabletojson
48 verbose headers { date: 'Tue, 25 Oct 2016 03:44:05 GMT',
48 verbose headers   via: '1.1 varnish',
48 verbose headers   'cache-control': 'max-age=300',
48 verbose headers   etag: '"2JSFAHE08ZGQ48R2I5ZABQRLH"',
48 verbose headers   age: '0',
48 verbose headers   connection: 'keep-alive',
48 verbose headers   'x-served-by': 'cache-gru7127-GRU',
48 verbose headers   'x-cache': 'HIT',
48 verbose headers   'x-cache-hits': '1',
48 verbose headers   'x-timer': 'S1477367045.988263,VS0,VE600',
48 verbose headers   vary: 'Accept-Encoding' }
49 silly get cb [ 304,
49 silly get   { date: 'Tue, 25 Oct 2016 03:44:05 GMT',
49 silly get     via: '1.1 varnish',
49 silly get     'cache-control': 'max-age=300',
49 silly get     etag: '"2JSFAHE08ZGQ48R2I5ZABQRLH"',
49 silly get     age: '0',
49 silly get     connection: 'keep-alive',
49 silly get     'x-served-by': 'cache-gru7127-GRU',
49 silly get     'x-cache': 'HIT',
49 silly get     'x-cache-hits': '1',
49 silly get     'x-timer': 'S1477367045.988263,VS0,VE600',
49 silly get     vary: 'Accept-Encoding' } ]
50 verbose etag https://registry.npmjs.org/tabletojson from cache
51 verbose get saving tabletojson to /Users/broto/.npm/registry.npmjs.org/tabletojson/.cache.json
52 verbose correctMkdir /Users/broto/.npm correctMkdir not in flight; initializing
53 verbose stack Error: version not found: tabletojson@1.4.1
53 verbose stack     at setData (/usr/local/lib/node_modules/npm/lib/cache/add-named.js:137:12)
53 verbose stack     at RES (/usr/local/lib/node_modules/npm/node_modules/inflight/inflight.js:23:14)
53 verbose stack     at f (/usr/local/lib/node_modules/npm/node_modules/once/once.js:17:25)
53 verbose stack     at fixName (/usr/local/lib/node_modules/npm/lib/cache/add-named.js:29:5)
53 verbose stack     at saved (/usr/local/lib/node_modules/npm/lib/cache/caching-client.js:173:7)
53 verbose stack     at /usr/local/lib/node_modules/npm/node_modules/graceful-fs/polyfills.js:210:7
53 verbose stack     at FSReqWrap.oncomplete (fs.js:82:15)
54 verbose statusCode 404
55 verbose cwd /Users/broto/Development/Node/PoliticandoMe
56 error Darwin 16.0.0
57 error argv "/usr/local/bin/node" "/usr/local/bin/npm" "install"
58 error node v4.4.7
59 error npm  v2.15.8
60 error version not found: tabletojson@1.4.1
61 error If you need help, you may report this error at:
61 error     <https://github.com/npm/npm/issues>
62 verbose exit [ 1, true ]
